Determining if the pthread_create exist failed with the following output:
Change Dir: /home/robert/DataBase/scudb_initial/bulid/CMakeFiles/CMakeTmp

Run Build Command:"/usr/bin/make" "cmTC_54579/fast"
/usr/bin/make -f CMakeFiles/cmTC_54579.dir/build.make CMakeFiles/cmTC_54579.dir/build
make[1]: Entering directory '/home/robert/DataBase/scudb_initial/bulid/CMakeFiles/CMakeTmp'
Building C object CMakeFiles/cmTC_54579.dir/CheckSymbolExists.c.o
/usr/bin/cc    -o CMakeFiles/cmTC_54579.dir/CheckSymbolExists.c.o   -c /home/robert/DataBase/scudb_initial/bulid/CMakeFiles/CMakeTmp/CheckSymbolExists.c
Linking C executable cmTC_54579
/usr/bin/cmake -E cmake_link_script CMakeFiles/cmTC_54579.dir/link.txt --verbose=1
/usr/bin/cc      -rdynamic CMakeFiles/cmTC_54579.dir/CheckSymbolExists.c.o  -o cmTC_54579 
CMakeFiles/cmTC_54579.dir/CheckSymbolExists.c.o: In function `main':
CheckSymbolExists.c:(.text+0x1b): undefined reference to `pthread_create'
collect2: error: ld returned 1 exit status
CMakeFiles/cmTC_54579.dir/build.make:97: recipe for target 'cmTC_54579' failed
make[1]: *** [cmTC_54579] Error 1
make[1]: Leaving directory '/home/robert/DataBase/scudb_initial/bulid/CMakeFiles/CMakeTmp'
Makefile:126: recipe for target 'cmTC_54579/fast' failed
make: *** [cmTC_54579/fast] Error 2

File /home/robert/DataBase/scudb_initial/bulid/CMakeFiles/CMakeTmp/CheckSymbolExists.c:
/* */
#include <pthread.h>

int main(int argc, char** argv)
{
  (void)argv;
#ifndef pthread_create
  return ((int*)(&pthread_create))[argc];
#else
  (void)argc;
  return 0;
#endif
}

Determining if the function pthread_create exists in the pthreads failed with the following output:
Change Dir: /home/robert/DataBase/scudb_initial/bulid/CMakeFiles/CMakeTmp

Run Build Command:"/usr/bin/make" "cmTC_3dc14/fast"
/usr/bin/make -f CMakeFiles/cmTC_3dc14.dir/build.make CMakeFiles/cmTC_3dc14.dir/build
make[1]: Entering directory '/home/robert/DataBase/scudb_initial/bulid/CMakeFiles/CMakeTmp'
Building C object CMakeFiles/cmTC_3dc14.dir/CheckFunctionExists.c.o
/usr/bin/cc   -DCHECK_FUNCTION_EXISTS=pthread_create   -o CMakeFiles/cmTC_3dc14.dir/CheckFunctionExists.c.o   -c /usr/share/cmake-3.10/Modules/CheckFunctionExists.c
Linking C executable cmTC_3dc14
/usr/bin/cmake -E cmake_link_script CMakeFiles/cmTC_3dc14.dir/link.txt --verbose=1
/usr/bin/cc  -DCHECK_FUNCTION_EXISTS=pthread_create    -rdynamic CMakeFiles/cmTC_3dc14.dir/CheckFunctionExists.c.o  -o cmTC_3dc14 -lpthreads 
/usr/bin/ld: cannot find -lpthreads
collect2: error: ld returned 1 exit status
CMakeFiles/cmTC_3dc14.dir/build.make:97: recipe for target 'cmTC_3dc14' failed
make[1]: *** [cmTC_3dc14] Error 1
make[1]: Leaving directory '/home/robert/DataBase/scudb_initial/bulid/CMakeFiles/CMakeTmp'
Makefile:126: recipe for target 'cmTC_3dc14/fast' failed
make: *** [cmTC_3dc14/fast] Error 2


